<?xml version="1.0" encoding="UTF-8"?>
<!-- Generated by org.testng.reporters.JUnitReportReporter -->
<testsuite hostname="Brintos-MacBook-Pro.local" failures="0" tests="3" name="brinto.iframe3.homework.IframeHomework" time="10.563" errors="0" timestamp="10 Sep 2020 21:08:03 GMT" skipped="0">
  <testcase classname="brinto.iframe3.homework.IframeHomework" name="setConnection" time="0.435"/>
  <testcase classname="brinto.iframe3.homework.IframeHomework" name="frameCount" time="0.015"/>
  <testcase classname="brinto.iframe3.homework.IframeHomework" name="getIframeText" time="10.113"/>
</testsuite> <!-- brinto.iframe3.homework.IframeHomework -->
